app/build/intermediates/manifest_merge_blame_file/debug/manifest-merger-blame-debug-report.txt
1<?xml version="1.0" encoding="utf-8"?>
2<manifest xmlns:android="http://schemas.android.com/apk/res/android"
3    package="com.example.movingimage"
4    android:versionCode="1"
5    android:versionName="1.0" >
6
7    <uses-sdk
8        android:minSdkVersion="23"
8-->src\main\AndroidManifest.xml
9        android:targetSdkVersion="30" />
9-->src\main\AndroidManifest.xml
10
11    <application
11-->src\main\AndroidManifest.xml:5:5-27:19
12        android:allowBackup="true"
12-->src\main\AndroidManifest.xml:6:9-35
13        android:appComponentFactory="androidx.core.app.CoreComponentFactory"
13-->[androidx.core:core:1.3.1] AndroidManifest.xml:24:18-86
14        android:debuggable="true"
15        android:extractNativeLibs="false"
16        android:icon="@mipmap/ic_launcher"
16-->src\main\AndroidManifest.xml:7:9-43
17        android:label="@string/app_name"
17-->src\main\AndroidManifest.xml:8:9-41
18        android:roundIcon="@mipmap/ic_launcher_round"
18-->src\main\AndroidManifest.xml:9:9-54
19        android:supportsRtl="true"
19-->src\main\AndroidManifest.xml:10:9-35
20        android:testOnly="true"
21        android:theme="@style/AppTheme" >
21-->src\main\AndroidManifest.xml:11:9-40
22        <activity android:name="com.example.movingimage.EndGame" />
22-->src\main\AndroidManifest.xml:12:9-54
22-->src\main\AndroidManifest.xml:12:19-42
23        <activity android:name="com.example.movingimage.Help" />
23-->src\main\AndroidManifest.xml:13:9-42
23-->src\main\AndroidManifest.xml:13:19-39
24        <activity android:name="com.example.movingimage.Options" />
24-->src\main\AndroidManifest.xml:14:9-45
24-->src\main\AndroidManifest.xml:14:19-42
25        <activity android:name="com.example.movingimage.Menu" >
25-->src\main\AndroidManifest.xml:15:9-21:20
25-->src\main\AndroidManifest.xml:15:19-39
26            <intent-filter>
26-->src\main\AndroidManifest.xml:16:13-20:29
27                <action android:name="android.intent.action.MAIN" />
27-->src\main\AndroidManifest.xml:17:17-69
27-->src\main\AndroidManifest.xml:17:25-66
28
29                <category android:name="android.intent.category.LAUNCHER" />
29-->src\main\AndroidManifest.xml:19:17-77
29-->src\main\AndroidManifest.xml:19:27-74
30            </intent-filter>
31        </activity>
32        <activity android:name="com.example.movingimage.MainActivity" />
32-->src\main\AndroidManifest.xml:22:9-50
32-->src\main\AndroidManifest.xml:22:19-47
33        <activity
33-->src\main\AndroidManifest.xml:23:9-26:72
34            android:name="com.yalantis.ucrop.UCropActivity"
34-->src\main\AndroidManifest.xml:24:13-60
35            android:screenOrientation="landscape"
35-->src\main\AndroidManifest.xml:25:13-50
36            android:theme="@style/Theme.AppCompat.Light.NoActionBar" />
36-->src\main\AndroidManifest.xml:26:13-69
37    </application>
38
39</manifest>